{"meta": {"format": 3, "version": "7.13.4", "timestamp": "2026-03-07T12:54:59.390587", "branch_coverage": false, "show_contexts": false}, "files": {"src/structframe/__init__.py": {"executed_lines": [9, 10, 18, 19, 21, 22], "summary": {"covered_lines": 6, "num_statements": 6, "percent_covered": 100.0, "percent_covered_display": "100", "missing_lines": 0, "excluded_lines": 0, "percent_statements_covered": 100.0, "percent_statements_covered_display": "100"}, "missing_lines": [], "excluded_lines": [], "functions": {"": {"executed_lines": [9, 10, 18, 19, 21, 22], "summary": {"covered_lines": 6, "num_statements": 6, "percent_covered": 100.0, "percent_covered_display": "100", "missing_lines": 0, "excluded_lines": 0, "percent_statements_covered": 100.0, "percent_statements_covered_display": "100"}, "missing_lines": [], "excluded_lines": [], "start_line": 1}}, "classes": {"": {"executed_lines": [9, 10, 18, 19, 21, 22], "summary": {"covered_lines": 6, "num_statements": 6, "percent_covered": 100.0, "percent_covered_display": "100", "missing_lines": 0, "excluded_lines": 0, "percent_statements_covered": 100.0, "percent_statements_covered_display": "100"}, "missing_lines": [], "excluded_lines": [], "start_line": 1}}}, "src/structframe/backends/__init__.py": {"executed_lines": [7, 8, 10], "summary": {"covered_lines": 3, "num_statements": 3, "percent_covered": 100.0, "percent_covered_display": "100", "missing_lines": 0, "excluded_lines": 0, "percent_statements_covered": 100.0, "percent_statements_covered_display": "100"}, "missing_lines": [], "excluded_lines": [], "functions": {"": {"executed_lines": [7, 8, 10], "summary": {"covered_lines": 3, "num_statements": 3, "percent_covered": 100.0, "percent_covered_display": "100", "missing_lines": 0, "excluded_lines": 0, "percent_statements_covered": 100.0, "percent_statements_covered_display": "100"}, "missing_lines": [], "excluded_lines": [], "start_line": 1}}, "classes": {"": {"executed_lines": [7, 8, 10], "summary": {"covered_lines": 3, "num_statements": 3, "percent_covered": 100.0, "percent_covered_display": "100", "missing_lines": 0, "excluded_lines": 0, "percent_statements_covered": 100.0, "percent_statements_covered_display": "100"}, "missing_lines": [], "excluded_lines": [], "start_line": 1}}}, "src/structframe/backends/base.py": {"executed_lines": [3, 5, 6, 9, 20, 21, 22, 30, 31, 35, 36, 40, 41, 52, 53, 61, 62, 66, 67, 71, 72, 76, 77, 85, 86, 90, 91, 95, 96, 100, 101, 105, 106, 114, 115, 123, 124, 128, 129, 133, 134, 138, 139, 143, 144, 152, 153, 157, 158, 162, 163, 167, 168, 176, 177, 193, 194, 216, 217, 232, 233, 245, 246, 254, 255], "summary": {"covered_lines": 65, "num_statements": 65, "percent_covered": 100.0, "percent_covered_display": "100", "missing_lines": 0, "excluded_lines": 70, "percent_statements_covered": 100.0, "percent_statements_covered_display": "100"}, "missing_lines": [], "excluded_lines": [24, 25, 26, 33, 34, 38, 39, 50, 51, 59, 60, 64, 65, 69, 70, 74, 75, 79, 80, 81, 88, 89, 93, 94, 98, 99, 103, 104, 108, 109, 110, 117, 118, 119, 126, 127, 131, 132, 136, 137, 141, 142, 146, 147, 148, 155, 156, 160, 161, 165, 166, 170, 171, 172, 191, 192, 210, 211, 212, 226, 227, 228, 239, 240, 241, 248, 249, 250, 262, 263], "functions": {"BackendAdapter.name": {"executed_lines": [], "summary": {"covered_lines": 0, "num_statements": 0, "percent_covered": 100.0, "percent_covered_display": "100", "missing_lines": 0, "excluded_lines": 1, "percent_statements_covered": 100.0, "percent_statements_covered_display": "100"}, "missing_lines": [], "excluded_lines": [24], "start_line": 22}, "BackendAdapter.copy": {"executed_lines": [], "summary": {"covered_lines": 0, "num_statements": 0, "percent_covered": 100.0, "percent_covered_display": "100", "missing_lines": 0, "excluded_lines": 1, "percent_statements_covered": 100.0, "percent_statements_covered_display": "100"}, "missing_lines": [], "excluded_lines": [33], "start_line": 31}, "BackendAdapter.get_column": {"executed_lines": [], "summary": {"covered_lines": 0, "num_statements": 0, "percent_covered": 100.0, "percent_covered_display": "100", "missing_lines": 0, "excluded_lines": 1, "percent_statements_covered": 100.0, "percent_statements_covered_display": "100"}, "missing_lines": [], "excluded_lines": [38], "start_line": 36}, "BackendAdapter.get_column_ref": {"executed_lines": [], "summary": {"covered_lines": 0, "num_statements": 0, "percent_covered": 100.0, "percent_covered_display": "100", "missing_lines": 0, "excluded_lines": 1, "percent_statements_covered": 100.0, "percent_statements_covered_display": "100"}, "missing_lines": [], "excluded_lines": [50], "start_line": 41}, "BackendAdapter.set_column": {"executed_lines": [], "summary": {"covered_lines": 0, "num_statements": 0, "percent_covered": 100.0, "percent_covered_display": "100", "missing_lines": 0, "excluded_lines": 1, "percent_statements_covered": 100.0, "percent_statements_covered_display": "100"}, "missing_lines": [], "excluded_lines": [59], "start_line": 53}, "BackendAdapter.has_column": {"executed_lines": [], "summary": {"covered_lines": 0, "num_statements": 0, "percent_covered": 100.0, "percent_covered_display": "100", "missing_lines": 0, "excluded_lines": 1, "percent_statements_covered": 100.0, "percent_statements_covered_display": "100"}, "missing_lines": [], "excluded_lines": [64], "start_line": 62}, "BackendAdapter.column_names": {"executed_lines": [], "summary": {"covered_lines": 0, "num_statements": 0, "percent_covered": 100.0, "percent_covered_display": "100", "missing_lines": 0, "excluded_lines": 1, "percent_statements_covered": 100.0, "percent_statements_covered_display": "100"}, "missing_lines": [], "excluded_lines": [69], "start_line": 67}, "BackendAdapter.num_rows": {"executed_lines": [], "summary": {"covered_lines": 0, "num_statements": 0, "percent_covered": 100.0, "percent_covered_display": "100", "missing_lines": 0, "excluded_lines": 1, "percent_statements_covered": 100.0, "percent_statements_covered_display": "100"}, "missing_lines": [], "excluded_lines": [74], "start_line": 72}, "BackendAdapter.num_cols": {"executed_lines": [], "summary": {"covered_lines": 0, "num_statements": 0, "percent_covered": 100.0, "percent_covered_display": "100", "missing_lines": 0, "excluded_lines": 1, "percent_statements_covered": 100.0, "percent_statements_covered_display": "100"}, "missing_lines": [], "excluded_lines": [79], "start_line": 77}, "BackendAdapter.get_index": {"executed_lines": [], "summary": {"covered_lines": 0, "num_statements": 0, "percent_covered": 100.0, "percent_covered_display": "100", "missing_lines": 0, "excluded_lines": 1, "percent_statements_covered": 100.0, "percent_statements_covered_display": "100"}, "missing_lines": [], "excluded_lines": [88], "start_line": 86}, "BackendAdapter.set_index": {"executed_lines": [], "summary": {"covered_lines": 0, "num_statements": 0, "percent_covered": 100.0, "percent_covered_display": "100", "missing_lines": 0, "excluded_lines": 1, "percent_statements_covered": 100.0, "percent_statements_covered_display": "100"}, "missing_lines": [], "excluded_lines": [93], "start_line": 91}, "BackendAdapter.get_index_level": {"executed_lines": [], "summary": {"covered_lines": 0, "num_statements": 0, "percent_covered": 100.0, "percent_covered_display": "100", "missing_lines": 0, "excluded_lines": 1, "percent_statements_covered": 100.0, "percent_statements_covered_display": "100"}, "missing_lines": [], "excluded_lines": [98], "start_line": 96}, "BackendAdapter.set_index_level": {"executed_lines": [], "summary": {"covered_lines": 0, "num_statements": 0, "percent_covered": 100.0, "percent_covered_display": "100", "missing_lines": 0, "excluded_lines": 1, "percent_statements_covered": 100.0, "percent_statements_covered_display": "100"}, "missing_lines": [], "excluded_lines": [103], "start_line": 101}, "BackendAdapter.index_nlevels": {"executed_lines": [], "summary": {"covered_lines": 0, "num_statements": 0, "percent_covered": 100.0, "percent_covered_display": "100", "missing_lines": 0, "excluded_lines": 1, "percent_statements_covered": 100.0, "percent_statements_covered_display": "100"}, "missing_lines": [], "excluded_lines": [108], "start_line": 106}, "BackendAdapter.filter_rows": {"executed_lines": [], "summary": {"covered_lines": 0, "num_statements": 0, "percent_covered": 100.0, "percent_covered_display": "100", "missing_lines": 0, "excluded_lines": 1, "percent_statements_covered": 100.0, "percent_statements_covered_display": "100"}, "missing_lines": [], "excluded_lines": [117], "start_line": 115}, "BackendAdapter.head": {"executed_lines": [], "summary": {"covered_lines": 0, "num_statements": 0, "percent_covered": 100.0, "percent_covered_display": "100", "missing_lines": 0, "excluded_lines": 1, "percent_statements_covered": 100.0, "percent_statements_covered_display": "100"}, "missing_lines": [], "excluded_lines": [126], "start_line": 124}, "BackendAdapter.itertuples": {"executed_lines": [], "summary": {"covered_lines": 0, "num_statements": 0, "percent_covered": 100.0, "percent_covered_display": "100", "missing_lines": 0, "excluded_lines": 1, "percent_statements_covered": 100.0, "percent_statements_covered_display": "100"}, "missing_lines": [], "excluded_lines": [131], "start_line": 129}, "BackendAdapter.equals": {"executed_lines": [], "summary": {"covered_lines": 0, "num_statements": 0, "percent_covered": 100.0, "percent_covered_display": "100", "missing_lines": 0, "excluded_lines": 1, "percent_statements_covered": 100.0, "percent_statements_covered_display": "100"}, "missing_lines": [], "excluded_lines": [136], "start_line": 134}, "BackendAdapter.to_dict": {"executed_lines": [], "summary": {"covered_lines": 0, "num_statements": 0, "percent_covered": 100.0, "percent_covered_display": "100", "missing_lines": 0, "excluded_lines": 1, "percent_statements_covered": 100.0, "percent_statements_covered_display": "100"}, "missing_lines": [], "excluded_lines": [141], "start_line": 139}, "BackendAdapter.to_csv": {"executed_lines": [], "summary": {"covered_lines": 0, "num_statements": 0, "percent_covered": 100.0, "percent_covered_display": "100", "missing_lines": 0, "excluded_lines": 1, "percent_statements_covered": 100.0, "percent_statements_covered_display": "100"}, "missing_lines": [], "excluded_lines": [146], "start_line": 144}, "BackendAdapter.from_dict": {"executed_lines": [], "summary": {"covered_lines": 0, "num_statements": 0, "percent_covered": 100.0, "percent_covered_display": "100", "missing_lines": 0, "excluded_lines": 1, "percent_statements_covered": 100.0, "percent_statements_covered_display": "100"}, "missing_lines": [], "excluded_lines": [155], "start_line": 153}, "BackendAdapter.from_records": {"executed_lines": [], "summary": {"covered_lines": 0, "num_statements": 0, "percent_covered": 100.0, "percent_covered_display": "100", "missing_lines": 0, "excluded_lines": 1, "percent_statements_covered": 100.0, "percent_statements_covered_display": "100"}, "missing_lines": [], "excluded_lines": [160], "start_line": 158}, "BackendAdapter.read_csv": {"executed_lines": [], "summary": {"covered_lines": 0, "num_statements": 0, "percent_covered": 100.0, "percent_covered_display": "100", "missing_lines": 0, "excluded_lines": 1, "percent_statements_covered": 100.0, "percent_statements_covered_display": "100"}, "missing_lines": [], "excluded_lines": [165], "start_line": 163}, "BackendAdapter.empty_series": {"executed_lines": [], "summary": {"covered_lines": 0, "num_statements": 0, "percent_covered": 100.0, "percent_covered_display": "100", "missing_lines": 0, "excluded_lines": 1, "percent_statements_covered": 100.0, "percent_statements_covered_display": "100"}, "missing_lines": [], "excluded_lines": [170], "start_line": 168}, "BackendAdapter.build_pandera_schema": {"executed_lines": [], "summary": {"covered_lines": 0, "num_statements": 0, "percent_covered": 100.0, "percent_covered_display": "100", "missing_lines": 0, "excluded_lines": 1, "percent_statements_covered": 100.0, "percent_statements_covered_display": "100"}, "missing_lines": [], "excluded_lines": [191], "start_line": 177}, "BackendAdapter.validate_with_pandera": {"executed_lines": [], "summary": {"covered_lines": 0, "num_statements": 0, "percent_covered": 100.0, "percent_covered_display": "100", "missing_lines": 0, "excluded_lines": 1, "percent_statements_covered": 100.0, "percent_statements_covered_display": "100"}, "missing_lines": [], "excluded_lines": [210], "start_line": 194}, "BackendAdapter.coerce_column": {"executed_lines": [], "summary": {"covered_lines": 0, "num_statements": 0, "percent_covered": 100.0, "percent_covered_display": "100", "missing_lines": 0, "excluded_lines": 1, "percent_statements_covered": 100.0, "percent_statements_covered_display": "100"}, "missing_lines": [], "excluded_lines": [226], "start_line": 217}, "BackendAdapter.generate_example_data": {"executed_lines": [], "summary": {"covered_lines": 0, "num_statements": 0, "percent_covered": 100.0, "percent_covered_display": "100", "missing_lines": 0, "excluded_lines": 1, "percent_statements_covered": 100.0, "percent_statements_covered_display": "100"}, "missing_lines": [], "excluded_lines": [239], "start_line": 233}, "BackendAdapter.schema_info_to_dataframe": {"executed_lines": [], "summary": {"covered_lines": 0, "num_statements": 0, "percent_covered": 100.0, "percent_covered_display": "100", "missing_lines": 0, "excluded_lines": 1, "percent_statements_covered": 100.0, "percent_statements_covered_display": "100"}, "missing_lines": [], "excluded_lines": [248], "start_line": 246}, "BackendAdapter.collect": {"executed_lines": [], "summary": {"covered_lines": 0, "num_statements": 0, "percent_covered": 100.0, "percent_covered_display": "100", "missing_lines": 0, "excluded_lines": 1, "percent_statements_covered": 100.0, "percent_statements_covered_display": "100"}, "missing_lines": [], "excluded_lines": [262], "start_line": 255}, "": {"executed_lines": [3, 5, 6, 9, 20, 21, 22, 30, 31, 35, 36, 40, 41, 52, 53, 61, 62, 66, 67, 71, 72, 76, 77, 85, 86, 90, 91, 95, 96, 100, 101, 105, 106, 114, 115, 123, 124, 128, 129, 133, 134, 138, 139, 143, 144, 152, 153, 157, 158, 162, 163, 167, 168, 176, 177, 193, 194, 216, 217, 232, 233, 245, 246, 254, 255], "summary": {"covered_lines": 65, "num_statements": 65, "percent_covered": 100.0, "percent_covered_display": "100", "missing_lines": 0, "excluded_lines": 39, "percent_statements_covered": 100.0, "percent_statements_covered_display": "100"}, "missing_lines": [], "excluded_lines": [25, 26, 34, 39, 51, 60, 65, 70, 75, 80, 81, 89, 94, 99, 104, 109, 110, 118, 119, 127, 132, 137, 142, 147, 148, 156, 161, 166, 171, 172, 192, 211, 212, 227, 228, 240, 241, 249, 250], "start_line": 1}}, "classes": {"BackendAdapter": {"executed_lines": [], "summary": {"covered_lines": 0, "num_statements": 0, "percent_covered": 100.0, "percent_covered_display": "100", "missing_lines": 0, "excluded_lines": 30, "percent_statements_covered": 100.0, "percent_statements_covered_display": "100"}, "missing_lines": [], "excluded_lines": [24, 33, 38, 50, 59, 64, 69, 74, 79, 88, 93, 98, 103, 108, 117, 126, 131, 136, 141, 146, 155, 160, 165, 170, 191, 210, 226, 239, 248, 262], "start_line": 9}, "": {"executed_lines": [3, 5, 6, 9, 20, 21, 22, 30, 31, 35, 36, 40, 41, 52, 53, 61, 62, 66, 67, 71, 72, 76, 77, 85, 86, 90, 91, 95, 96, 100, 101, 105, 106, 114, 115, 123, 124, 128, 129, 133, 134, 138, 139, 143, 144, 152, 153, 157, 158, 162, 163, 167, 168, 176, 177, 193, 194, 216, 217, 232, 233, 245, 246, 254, 255], "summary": {"covered_lines": 65, "num_statements": 65, "percent_covered": 100.0, "percent_covered_display": "100", "missing_lines": 0, "excluded_lines": 39, "percent_statements_covered": 100.0, "percent_statements_covered_display": "100"}, "missing_lines": [], "excluded_lines": [25, 26, 34, 39, 51, 60, 65, 70, 75, 80, 81, 89, 94, 99, 104, 109, 110, 118, 119, 127, 132, 137, 142, 147, 148, 156, 161, 166, 171, 172, 192, 211, 212, 227, 228, 240, 241, 249, 250], "start_line": 1}}}, "src/structframe/backends/pandas_backend.py": {"executed_lines": [3, 5, 6, 8, 9, 11, 16, 19, 26, 27, 28, 34, 47, 48, 50, 51, 53, 57, 58, 59, 61, 62, 64, 67, 68, 70, 71, 77, 78, 80, 81, 82, 84, 85, 87, 88, 89, 93, 94, 96, 103, 104, 110, 111, 113, 114, 116, 117, 119, 120, 122, 123, 129, 130, 132, 133, 135, 136, 138, 145, 150, 152, 154, 155, 156, 157, 158, 160, 163, 164, 165, 166, 167, 168, 169, 170, 173, 174, 177, 178, 179, 180, 188, 189, 190, 192, 193, 195, 204, 206, 212, 213, 215, 216, 217, 218, 222, 224, 227, 228, 229, 230, 233, 234, 235, 236, 241, 242, 243, 244, 245, 247, 261, 269, 270, 271, 272, 273, 274, 275, 276, 277, 278, 279, 280, 281, 282, 283, 284, 285, 286, 287, 288, 290, 291, 292, 293, 296, 298, 299, 305, 306, 310, 311, 316, 317, 318, 319, 320, 321, 324, 330, 335, 336, 337, 338, 339, 340, 341, 342, 343, 344, 345, 346, 347, 348, 351, 357, 358, 364, 366], "summary": {"covered_lines": 171, "num_statements": 187, "percent_covered": 91.44385026737967, "percent_covered_display": "91", "missing_lines": 16, "excluded_lines": 0, "percent_statements_covered": 91.44385026737967, "percent_statements_covered_display": "91"}, "missing_lines": [55, 65, 97, 139, 219, 220, 249, 250, 251, 252, 253, 255, 302, 303, 313, 350], "excluded_lines": [], "functions": {"PandasBackend.name": {"executed_lines": [28], "summary": {"covered_lines": 1, "num_statements": 1, "percent_covered": 100.0, "percent_covered_display": "100", "missing_lines": 0, "excluded_lines": 0, "percent_statements_covered": 100.0, "percent_statements_covered_display": "100"}, "missing_lines": [], "excluded_lines": [], "start_line": 27}, "PandasBackend.copy": {"executed_lines": [48], "summary": {"covered_lines": 1, "num_statements": 1, "percent_covered": 100.0, "percent_covered_display": "100", "missing_lines": 0, "excluded_lines": 0, "percent_statements_covered": 100.0, "percent_statements_covered_display": "100"}, "missing_lines": [], "excluded_lines": [], "start_line": 47}, "PandasBackend.get_column": {"executed_lines": [51], "summary": {"covered_lines": 1, "num_statements": 1, "percent_covered": 100.0, "percent_covered_display": "100", "missing_lines": 0, "excluded_lines": 0, "percent_statements_covered": 100.0, "percent_statements_covered_display": "100"}, "missing_lines": [], "excluded_lines": [], "start_line": 50}, "PandasBackend.get_column_ref": {"executed_lines": [], "summary": {"covered_lines": 0, "num_statements": 1, "percent_covered": 0.0, "percent_covered_display": "0", "missing_lines": 1, "excluded_lines": 0, "percent_statements_covered": 0.0, "percent_statements_covered_display": "0"}, "missing_lines": [55], "excluded_lines": [], "start_line": 53}, "PandasBackend.set_column": {"executed_lines": [58, 59], "summary": {"covered_lines": 2, "num_statements": 2, "percent_covered": 100.0, "percent_covered_display": "100", "missing_lines": 0, "excluded_lines": 0, "percent_statements_covered": 100.0, "percent_statements_covered_display": "100"}, "missing_lines": [], "excluded_lines": [], "start_line": 57}, "PandasBackend.has_column": {"executed_lines": [62], "summary": {"covered_lines": 1, "num_statements": 1, "percent_covered": 100.0, "percent_covered_display": "100", "missing_lines": 0, "excluded_lines": 0, "percent_statements_covered": 100.0, "percent_statements_covered_display": "100"}, "missing_lines": [], "excluded_lines": [], "start_line": 61}, "PandasBackend.column_names": {"executed_lines": [], "summary": {"covered_lines": 0, "num_statements": 1, "percent_covered": 0.0, "percent_covered_display": "0", "missing_lines": 1, "excluded_lines": 0, "percent_statements_covered": 0.0, "percent_statements_covered_display": "0"}, "missing_lines": [65], "excluded_lines": [], "start_line": 64}, "PandasBackend.num_rows": {"executed_lines": [68], "summary": {"covered_lines": 1, "num_statements": 1, "percent_covered": 100.0, "percent_covered_display": "100", "missing_lines": 0, "excluded_lines": 0, "percent_statements_covered": 100.0, "percent_statements_covered_display": "100"}, "missing_lines": [], "excluded_lines": [], "start_line": 67}, "PandasBackend.num_cols": {"executed_lines": [71], "summary": {"covered_lines": 1, "num_statements": 1, "percent_covered": 100.0, "percent_covered_display": "100", "missing_lines": 0, "excluded_lines": 0, "percent_statements_covered": 100.0, "percent_statements_covered_display": "100"}, "missing_lines": [], "excluded_lines": [], "start_line": 70}, "PandasBackend.get_index": {"executed_lines": [78], "summary": {"covered_lines": 1, "num_statements": 1, "percent_covered": 100.0, "percent_covered_display": "100", "missing_lines": 0, "excluded_lines": 0, "percent_statements_covered": 100.0, "percent_statements_covered_display": "100"}, "missing_lines": [], "excluded_lines": [], "start_line": 77}, "PandasBackend.set_index": {"executed_lines": [81, 82], "summary": {"covered_lines": 2, "num_statements": 2, "percent_covered": 100.0, "percent_covered_display": "100", "missing_lines": 0, "excluded_lines": 0, "percent_statements_covered": 100.0, "percent_statements_covered_display": "100"}, "missing_lines": [], "excluded_lines": [], "start_line": 80}, "PandasBackend.get_index_level": {"executed_lines": [85], "summary": {"covered_lines": 1, "num_statements": 1, "percent_covered": 100.0, "percent_covered_display": "100", "missing_lines": 0, "excluded_lines": 0, "percent_statements_covered": 100.0, "percent_statements_covered_display": "100"}, "missing_lines": [], "excluded_lines": [], "start_line": 84}, "PandasBackend.set_index_level": {"executed_lines": [88, 89, 93, 94], "summary": {"covered_lines": 4, "num_statements": 4, "percent_covered": 100.0, "percent_covered_display": "100", "missing_lines": 0, "excluded_lines": 0, "percent_statements_covered": 100.0, "percent_statements_covered_display": "100"}, "missing_lines": [], "excluded_lines": [], "start_line": 87}, "PandasBackend.index_nlevels": {"executed_lines": [], "summary": {"covered_lines": 0, "num_statements": 1, "percent_covered": 0.0, "percent_covered_display": "0", "missing_lines": 1, "excluded_lines": 0, "percent_statements_covered": 0.0, "percent_statements_covered_display": "0"}, "missing_lines": [97], "excluded_lines": [], "start_line": 96}, "PandasBackend.filter_rows": {"executed_lines": [104], "summary": {"covered_lines": 1, "num_statements": 1, "percent_covered": 100.0, "percent_covered_display": "100", "missing_lines": 0, "excluded_lines": 0, "percent_statements_covered": 100.0, "percent_statements_covered_display": "100"}, "missing_lines": [], "excluded_lines": [], "start_line": 103}, "PandasBackend.head": {"executed_lines": [111], "summary": {"covered_lines": 1, "num_statements": 1, "percent_covered": 100.0, "percent_covered_display": "100", "missing_lines": 0, "excluded_lines": 0, "percent_statements_covered": 100.0, "percent_statements_covered_display": "100"}, "missing_lines": [], "excluded_lines": [], "start_line": 110}, "PandasBackend.itertuples": {"executed_lines": [114], "summary": {"covered_lines": 1, "num_statements": 1, "percent_covered": 100.0, "percent_covered_display": "100", "missing_lines": 0, "excluded_lines": 0, "percent_statements_covered": 100.0, "percent_statements_covered_display": "100"}, "missing_lines": [], "excluded_lines": [], "start_line": 113}, "PandasBackend.equals": {"executed_lines": [117], "summary": {"covered_lines": 1, "num_statements": 1, "percent_covered": 100.0, "percent_covered_display": "100", "missing_lines": 0, "excluded_lines": 0, "percent_statements_covered": 100.0, "percent_statements_covered_display": "100"}, "missing_lines": [], "excluded_lines": [], "start_line": 116}, "PandasBackend.to_dict": {"executed_lines": [120], "summary": {"covered_lines": 1, "num_statements": 1, "percent_covered": 100.0, "percent_covered_display": "100", "missing_lines": 0, "excluded_lines": 0, "percent_statements_covered": 100.0, "percent_statements_covered_display": "100"}, "missing_lines": [], "excluded_lines": [], "start_line": 119}, "PandasBackend.to_csv": {"executed_lines": [123], "summary": {"covered_lines": 1, "num_statements": 1, "percent_covered": 100.0, "percent_covered_display": "100", "missing_lines": 0, "excluded_lines": 0, "percent_statements_covered": 100.0, "percent_statements_covered_display": "100"}, "missing_lines": [], "excluded_lines": [], "start_line": 122}, "PandasBackend.from_dict": {"executed_lines": [130], "summary": {"covered_lines": 1, "num_statements": 1, "percent_covered": 100.0, "percent_covered_display": "100", "missing_lines": 0, "excluded_lines": 0, "percent_statements_covered": 100.0, "percent_statements_covered_display": "100"}, "missing_lines": [], "excluded_lines": [], "start_line": 129}, "PandasBackend.from_records": {"executed_lines": [133], "summary": {"covered_lines": 1, "num_statements": 1, "percent_covered": 100.0, "percent_covered_display": "100", "missing_lines": 0, "excluded_lines": 0, "percent_statements_covered": 100.0, "percent_statements_covered_display": "100"}, "missing_lines": [], "excluded_lines": [], "start_line": 132}, "PandasBackend.read_csv": {"executed_lines": [136], "summary": {"covered_lines": 1, "num_statements": 1, "percent_covered": 100.0, "percent_covered_display": "100", "missing_lines": 0, "excluded_lines": 0, "percent_statements_covered": 100.0, "percent_statements_covered_display": "100"}, "missing_lines": [], "excluded_lines": [], "start_line": 135}, "PandasBackend.empty_series": {"executed_lines": [], "summary": {"covered_lines": 0, "num_statements": 1, "percent_covered": 0.0, "percent_covered_display": "0", "missing_lines": 1, "excluded_lines": 0, "percent_statements_covered": 0.0, "percent_statements_covered_display": "0"}, "missing_lines": [139], "excluded_lines": [], "start_line": 138}, "PandasBackend.build_pandera_schema": {"executed_lines": [150, 152, 154, 155, 156, 157, 158, 160, 163, 164, 165, 166, 167, 168, 169, 170, 173, 174, 177, 178, 179, 180, 188, 189, 190, 192, 193, 195, 204], "summary": {"covered_lines": 29, "num_statements": 29, "percent_covered": 100.0, "percent_covered_display": "100", "missing_lines": 0, "excluded_lines": 0, "percent_statements_covered": 100.0, "percent_statements_covered_display": "100"}, "missing_lines": [], "excluded_lines": [], "start_line": 145}, "PandasBackend.validate_with_pandera": {"executed_lines": [212, 213, 215, 216, 217, 218], "summary": {"covered_lines": 6, "num_statements": 8, "percent_covered": 75.0, "percent_covered_display": "75", "missing_lines": 2, "excluded_lines": 0, "percent_statements_covered": 75.0, "percent_statements_covered_display": "75"}, "missing_lines": [219, 220], "excluded_lines": [], "start_line": 206}, "PandasBackend._translate_pandera_errors": {"executed_lines": [224, 227, 228, 229, 230, 233, 234, 235, 236, 241, 242, 243, 244, 245], "summary": {"covered_lines": 14, "num_statements": 14, "percent_covered": 100.0, "percent_covered_display": "100", "missing_lines": 0, "excluded_lines": 0, "percent_statements_covered": 100.0, "percent_statements_covered_display": "100"}, "missing_lines": [], "excluded_lines": [], "start_line": 222}, "PandasBackend._translate_single_pandera_error": {"executed_lines": [], "summary": {"covered_lines": 0, "num_statements": 6, "percent_covered": 0.0, "percent_covered_display": "0", "missing_lines": 6, "excluded_lines": 0, "percent_statements_covered": 0.0, "percent_statements_covered_display": "0"}, "missing_lines": [249, 250, 251, 252, 253, 255], "excluded_lines": [], "start_line": 247}, "PandasBackend.coerce_column": {"executed_lines": [269, 270, 271, 272, 273, 274, 275, 276, 277, 278, 279, 280, 281, 282, 283, 284, 285, 286, 287, 288, 290, 291, 292, 293, 296, 298, 299, 305, 306, 310, 311, 316, 317, 318, 319, 320, 321, 324], "summary": {"covered_lines": 38, "num_statements": 41, "percent_covered": 92.6829268292683, "percent_covered_display": "93", "missing_lines": 3, "excluded_lines": 0, "percent_statements_covered": 92.6829268292683, "percent_statements_covered_display": "93"}, "missing_lines": [302, 303, 313], "excluded_lines": [], "start_line": 261}, "PandasBackend.generate_example_data": {"executed_lines": [335, 336, 337, 338, 339, 340, 341, 342, 343, 344, 345, 346, 347, 348, 351], "summary": {"covered_lines": 15, "num_statements": 16, "percent_covered": 93.75, "percent_covered_display": "94", "missing_lines": 1, "excluded_lines": 0, "percent_statements_covered": 93.75, "percent_statements_covered_display": "94"}, "missing_lines": [350], "excluded_lines": [], "start_line": 330}, "PandasBackend.schema_info_to_dataframe": {"executed_lines": [358], "summary": {"covered_lines": 1, "num_statements": 1, "percent_covered": 100.0, "percent_covered_display": "100", "missing_lines": 0, "excluded_lines": 0, "percent_statements_covered": 100.0, "percent_statements_covered_display": "100"}, "missing_lines": [], "excluded_lines": [], "start_line": 357}, "PandasBackend.collect": {"executed_lines": [366], "summary": {"covered_lines": 1, "num_statements": 1, "percent_covered": 100.0, "percent_covered_display": "100", "missing_lines": 0, "excluded_lines": 0, "percent_statements_covered": 100.0, "percent_statements_covered_display": "100"}, "missing_lines": [], "excluded_lines": [], "start_line": 364}, "": {"executed_lines": [3, 5, 6, 8, 9, 11, 16, 19, 26, 27, 34, 47, 50, 53, 57, 61, 64, 67, 70, 77, 80, 84, 87, 96, 103, 110, 113, 116, 119, 122, 129, 132, 135, 138, 145, 206, 222, 247, 261, 330, 357, 364], "summary": {"covered_lines": 42, "num_statements": 42, "percent_covered": 100.0, "percent_covered_display": "100", "missing_lines": 0, "excluded_lines": 0, "percent_statements_covered": 100.0, "percent_statements_covered_display": "100"}, "missing_lines": [], "excluded_lines": [], "start_line": 1}}, "classes": {"PandasBackend": {"executed_lines": [28, 48, 51, 58, 59, 62, 68, 71, 78, 81, 82, 85, 88, 89, 93, 94, 104, 111, 114, 117, 120, 123, 130, 133, 136, 150, 152, 154, 155, 156, 157, 158, 160, 163, 164, 165, 166, 167, 168, 169, 170, 173, 174, 177, 178, 179, 180, 188, 189, 190, 192, 193, 195, 204, 212, 213, 215, 216, 217, 218, 224, 227, 228, 229, 230, 233, 234, 235, 236, 241, 242, 243, 244, 245, 269, 270, 271, 272, 273, 274, 275, 276, 277, 278, 279, 280, 281, 282, 283, 284, 285, 286, 287, 288, 290, 291, 292, 293, 296, 298, 299, 305, 306, 310, 311, 316, 317, 318, 319, 320, 321, 324, 335, 336, 337, 338, 339, 340, 341, 342, 343, 344, 345, 346, 347, 348, 351, 358, 366], "summary": {"covered_lines": 129, "num_statements": 145, "percent_covered": 88.96551724137932, "percent_covered_display": "89", "missing_lines": 16, "excluded_lines": 0, "percent_statements_covered": 88.96551724137932, "percent_statements_covered_display": "89"}, "missing_lines": [55, 65, 97, 139, 219, 220, 249, 250, 251, 252, 253, 255, 302, 303, 313, 350], "excluded_lines": [], "start_line": 19}, "": {"executed_lines": [3, 5, 6, 8, 9, 11, 16, 19, 26, 27, 34, 47, 50, 53, 57, 61, 64, 67, 70, 77, 80, 84, 87, 96, 103, 110, 113, 116, 119, 122, 129, 132, 135, 138, 145, 206, 222, 247, 261, 330, 357, 364], "summary": {"covered_lines": 42, "num_statements": 42, "percent_covered": 100.0, "percent_covered_display": "100", "missing_lines": 0, "excluded_lines": 0, "percent_statements_covered": 100.0, "percent_statements_covered_display": "100"}, "missing_lines": [], "excluded_lines": [], "start_line": 1}}}, "src/structframe/backends/polars_backend.py": {"executed_lines": [3, 5, 6, 7, 9, 14, 16, 17, 19, 24, 25, 32, 35, 36, 42, 43, 44, 50, 52, 53, 55, 56, 69, 70, 71, 72, 74, 75, 76, 80, 82, 84, 86, 89, 90, 91, 92, 94, 95, 97, 98, 100, 102, 105, 106, 107, 108, 110, 111, 112, 113, 119, 123, 131, 137, 140, 148, 151, 152, 153, 154, 157, 164, 166, 167, 168, 170, 172, 173, 174, 175, 177, 180, 181, 182, 184, 185, 186, 187, 193, 194, 195, 201, 202, 204, 205, 207, 208, 210, 225, 230, 232, 234, 236, 237, 238, 239, 240, 242, 245, 246, 247, 248, 249, 250, 251, 252, 255, 256, 259, 260, 261, 262, 270, 271, 272, 274, 283, 285, 291, 294, 296, 297, 298, 299, 303, 305, 308, 309, 310, 313, 314, 315, 316, 319, 320, 321, 322, 325, 326, 327, 328, 333, 347, 355, 356, 358, 361, 362, 364, 365, 366, 367, 375, 378, 382, 388, 394, 399, 400, 401, 402, 403, 404, 405, 407, 408, 421, 427, 428, 434, 435, 436, 437], "summary": {"covered_lines": 174, "num_statements": 222, "percent_covered": 78.37837837837837, "percent_covered_display": "78", "missing_lines": 48, "excluded_lines": 0, "percent_statements_covered": 78.37837837837837, "percent_statements_covered_display": "78"}, "missing_lines": [20, 21, 26, 99, 103, 121, 125, 126, 128, 129, 133, 134, 135, 138, 142, 156, 158, 188, 189, 191, 212, 218, 219, 300, 301, 331, 335, 336, 337, 338, 339, 341, 359, 377, 380, 383, 384, 385, 406, 409, 410, 411, 412, 414, 415, 416, 418, 420], "excluded_lines": [], "functions": {"_require_polars": {"executed_lines": [25], "summary": {"covered_lines": 1, "num_statements": 2, "percent_covered": 50.0, "percent_covered_display": "50", "missing_lines": 1, "excluded_lines": 0, "percent_statements_covered": 50.0, "percent_statements_covered_display": "50"}, "missing_lines": [26], "excluded_lines": [], "start_line": 24}, "PolarsBackend.__init__": {"executed_lines": [36], "summary": {"covered_lines": 1, "num_statements": 1, "percent_covered": 100.0, "percent_covered_display": "100", "missing_lines": 0, "excluded_lines": 0, "percent_statements_covered": 100.0, "percent_statements_covered_display": "100"}, "missing_lines": [], "excluded_lines": [], "start_line": 35}, "PolarsBackend.name": {"executed_lines": [44], "summary": {"covered_lines": 1, "num_statements": 1, "percent_covered": 100.0, "percent_covered_display": "100", "missing_lines": 0, "excluded_lines": 0, "percent_statements_covered": 100.0, "percent_statements_covered_display": "100"}, "missing_lines": [], "excluded_lines": [], "start_line": 43}, "PolarsBackend._ensure_dtype_map": {"executed_lines": [55, 56], "summary": {"covered_lines": 2, "num_statements": 2, "percent_covered": 100.0, "percent_covered_display": "100", "missing_lines": 0, "excluded_lines": 0, "percent_statements_covered": 100.0, "percent_statements_covered_display": "100"}, "missing_lines": [], "excluded_lines": [], "start_line": 53}, "PolarsBackend.copy": {"executed_lines": [70, 71, 72], "summary": {"covered_lines": 3, "num_statements": 3, "percent_covered": 100.0, "percent_covered_display": "100", "missing_lines": 0, "excluded_lines": 0, "percent_statements_covered": 100.0, "percent_statements_covered_display": "100"}, "missing_lines": [], "excluded_lines": [], "start_line": 69}, "PolarsBackend.get_column": {"executed_lines": [75, 76, 80], "summary": {"covered_lines": 3, "num_statements": 3, "percent_covered": 100.0, "percent_covered_display": "100", "missing_lines": 0, "excluded_lines": 0, "percent_statements_covered": 100.0, "percent_statements_covered_display": "100"}, "missing_lines": [], "excluded_lines": [], "start_line": 74}, "PolarsBackend.get_column_ref": {"executed_lines": [84], "summary": {"covered_lines": 1, "num_statements": 1, "percent_covered": 100.0, "percent_covered_display": "100", "missing_lines": 0, "excluded_lines": 0, "percent_statements_covered": 100.0, "percent_statements_covered_display": "100"}, "missing_lines": [], "excluded_lines": [], "start_line": 82}, "PolarsBackend.set_column": {"executed_lines": [89, 90, 91, 92, 94, 95], "summary": {"covered_lines": 6, "num_statements": 6, "percent_covered": 100.0, "percent_covered_display": "100", "missing_lines": 0, "excluded_lines": 0, "percent_statements_covered": 100.0, "percent_statements_covered_display": "100"}, "missing_lines": [], "excluded_lines": [], "start_line": 86}, "PolarsBackend.has_column": {"executed_lines": [98, 100], "summary": {"covered_lines": 2, "num_statements": 3, "percent_covered": 66.66666666666667, "percent_covered_display": "67", "missing_lines": 1, "excluded_lines": 0, "percent_statements_covered": 66.66666666666667, "percent_statements_covered_display": "67"}, "missing_lines": [99], "excluded_lines": [], "start_line": 97}, "PolarsBackend.column_names": {"executed_lines": [], "summary": {"covered_lines": 0, "num_statements": 1, "percent_covered": 0.0, "percent_covered_display": "0", "missing_lines": 1, "excluded_lines": 0, "percent_statements_covered": 0.0, "percent_statements_covered_display": "0"}, "missing_lines": [103], "excluded_lines": [], "start_line": 102}, "PolarsBackend.num_rows": {"executed_lines": [106, 107, 108], "summary": {"covered_lines": 3, "num_statements": 3, "percent_covered": 100.0, "percent_covered_display": "100", "missing_lines": 0, "excluded_lines": 0, "percent_statements_covered": 100.0, "percent_statements_covered_display": "100"}, "missing_lines": [], "excluded_lines": [], "start_line": 105}, "PolarsBackend.num_cols": {"executed_lines": [111, 112, 113], "summary": {"covered_lines": 3, "num_statements": 3, "percent_covered": 100.0, "percent_covered_display": "100", "missing_lines": 0, "excluded_lines": 0, "percent_statements_covered": 100.0, "percent_statements_covered_display": "100"}, "missing_lines": [], "excluded_lines": [], "start_line": 110}, "PolarsBackend.get_index": {"executed_lines": [], "summary": {"covered_lines": 0, "num_statements": 1, "percent_covered": 0.0, "percent_covered_display": "0", "missing_lines": 1, "excluded_lines": 0, "percent_statements_covered": 0.0, "percent_statements_covered_display": "0"}, "missing_lines": [121], "excluded_lines": [], "start_line": 119}, "PolarsBackend.set_index": {"executed_lines": [], "summary": {"covered_lines": 0, "num_statements": 4, "percent_covered": 0.0, "percent_covered_display": "0", "missing_lines": 4, "excluded_lines": 0, "percent_statements_covered": 0.0, "percent_statements_covered_display": "0"}, "missing_lines": [125, 126, 128, 129], "excluded_lines": [], "start_line": 123}, "PolarsBackend.get_index_level": {"executed_lines": [], "summary": {"covered_lines": 0, "num_statements": 3, "percent_covered": 0.0, "percent_covered_display": "0", "missing_lines": 3, "excluded_lines": 0, "percent_statements_covered": 0.0, "percent_statements_covered_display": "0"}, "missing_lines": [133, 134, 135], "excluded_lines": [], "start_line": 131}, "PolarsBackend.set_index_level": {"executed_lines": [], "summary": {"covered_lines": 0, "num_statements": 1, "percent_covered": 0.0, "percent_covered_display": "0", "missing_lines": 1, "excluded_lines": 0, "percent_statements_covered": 0.0, "percent_statements_covered_display": "0"}, "missing_lines": [138], "excluded_lines": [], "start_line": 137}, "PolarsBackend.index_nlevels": {"executed_lines": [], "summary": {"covered_lines": 0, "num_statements": 1, "percent_covered": 0.0, "percent_covered_display": "0", "missing_lines": 1, "excluded_lines": 0, "percent_statements_covered": 0.0, "percent_statements_covered_display": "0"}, "missing_lines": [142], "excluded_lines": [], "start_line": 140}, "PolarsBackend.filter_rows": {"executed_lines": [151, 152, 153, 154, 157], "summary": {"covered_lines": 5, "num_statements": 7, "percent_covered": 71.42857142857143, "percent_covered_display": "71", "missing_lines": 2, "excluded_lines": 0, "percent_statements_covered": 71.42857142857143, "percent_statements_covered_display": "71"}, "missing_lines": [156, 158], "excluded_lines": [], "start_line": 148}, "PolarsBackend.head": {"executed_lines": [166, 167, 168], "summary": {"covered_lines": 3, "num_statements": 3, "percent_covered": 100.0, "percent_covered_display": "100", "missing_lines": 0, "excluded_lines": 0, "percent_statements_covered": 100.0, "percent_statements_covered_display": "100"}, "missing_lines": [], "excluded_lines": [], "start_line": 164}, "PolarsBackend.itertuples": {"executed_lines": [172, 173, 174, 175], "summary": {"covered_lines": 4, "num_statements": 4, "percent_covered": 100.0, "percent_covered_display": "100", "missing_lines": 0, "excluded_lines": 0, "percent_statements_covered": 100.0, "percent_statements_covered_display": "100"}, "missing_lines": [], "excluded_lines": [], "start_line": 170}, "PolarsBackend.equals": {"executed_lines": [180, 181, 182], "summary": {"covered_lines": 3, "num_statements": 3, "percent_covered": 100.0, "percent_covered_display": "100", "missing_lines": 0, "excluded_lines": 0, "percent_statements_covered": 100.0, "percent_statements_covered_display": "100"}, "missing_lines": [], "excluded_lines": [], "start_line": 177}, "PolarsBackend.to_dict": {"executed_lines": [185, 186, 187], "summary": {"covered_lines": 3, "num_statements": 6, "percent_covered": 50.0, "percent_covered_display": "50", "missing_lines": 3, "excluded_lines": 0, "percent_statements_covered": 50.0, "percent_statements_covered_display": "50"}, "missing_lines": [188, 189, 191], "excluded_lines": [], "start_line": 184}, "PolarsBackend.to_csv": {"executed_lines": [194, 195], "summary": {"covered_lines": 2, "num_statements": 2, "percent_covered": 100.0, "percent_covered_display": "100", "missing_lines": 0, "excluded_lines": 0, "percent_statements_covered": 100.0, "percent_statements_covered_display": "100"}, "missing_lines": [], "excluded_lines": [], "start_line": 193}, "PolarsBackend.from_dict": {"executed_lines": [202], "summary": {"covered_lines": 1, "num_statements": 1, "percent_covered": 100.0, "percent_covered_display": "100", "missing_lines": 0, "excluded_lines": 0, "percent_statements_covered": 100.0, "percent_statements_covered_display": "100"}, "missing_lines": [], "excluded_lines": [], "start_line": 201}, "PolarsBackend.from_records": {"executed_lines": [205], "summary": {"covered_lines": 1, "num_statements": 1, "percent_covered": 100.0, "percent_covered_display": "100", "missing_lines": 0, "excluded_lines": 0, "percent_statements_covered": 100.0, "percent_statements_covered_display": "100"}, "missing_lines": [], "excluded_lines": [], "start_line": 204}, "PolarsBackend.read_csv": {"executed_lines": [208], "summary": {"covered_lines": 1, "num_statements": 1, "percent_covered": 100.0, "percent_covered_display": "100", "missing_lines": 0, "excluded_lines": 0, "percent_statements_covered": 100.0, "percent_statements_covered_display": "100"}, "missing_lines": [], "excluded_lines": [], "start_line": 207}, "PolarsBackend.empty_series": {"executed_lines": [], "summary": {"covered_lines": 0, "num_statements": 3, "percent_covered": 0.0, "percent_covered_display": "0", "missing_lines": 3, "excluded_lines": 0, "percent_statements_covered": 0.0, "percent_statements_covered_display": "0"}, "missing_lines": [212, 218, 219], "excluded_lines": [], "start_line": 210}, "PolarsBackend.build_pandera_schema": {"executed_lines": [230, 232, 234, 236, 237, 238, 239, 240, 242, 245, 246, 247, 248, 249, 250, 251, 252, 255, 256, 259, 260, 261, 262, 270, 271, 272, 274, 283], "summary": {"covered_lines": 28, "num_statements": 28, "percent_covered": 100.0, "percent_covered_display": "100", "missing_lines": 0, "excluded_lines": 0, "percent_statements_covered": 100.0, "percent_statements_covered_display": "100"}, "missing_lines": [], "excluded_lines": [], "start_line": 225}, "PolarsBackend.validate_with_pandera": {"executed_lines": [291, 294, 296, 297, 298, 299], "summary": {"covered_lines": 6, "num_statements": 8, "percent_covered": 75.0, "percent_covered_display": "75", "missing_lines": 2, "excluded_lines": 0, "percent_statements_covered": 75.0, "percent_statements_covered_display": "75"}, "missing_lines": [300, 301], "excluded_lines": [], "start_line": 285}, "PolarsBackend._translate_pandera_errors": {"executed_lines": [305, 308, 309, 310, 313, 314, 315, 316, 319, 320, 321, 322, 325, 326, 327, 328], "summary": {"covered_lines": 16, "num_statements": 17, "percent_covered": 94.11764705882354, "percent_covered_display": "94", "missing_lines": 1, "excluded_lines": 0, "percent_statements_covered": 94.11764705882354, "percent_statements_covered_display": "94"}, "missing_lines": [331], "excluded_lines": [], "start_line": 303}, "PolarsBackend._translate_single_pandera_error": {"executed_lines": [], "summary": {"covered_lines": 0, "num_statements": 6, "percent_covered": 0.0, "percent_covered_display": "0", "missing_lines": 6, "excluded_lines": 0, "percent_statements_covered": 0.0, "percent_statements_covered_display": "0"}, "missing_lines": [335, 336, 337, 338, 339, 341], "excluded_lines": [], "start_line": 333}, "PolarsBackend.coerce_column": {"executed_lines": [355, 356, 358, 361, 362, 364, 365, 366, 367, 375, 378, 382, 388], "summary": {"covered_lines": 13, "num_statements": 19, "percent_covered": 68.42105263157895, "percent_covered_display": "68", "missing_lines": 6, "excluded_lines": 0, "percent_statements_covered": 68.42105263157895, "percent_statements_covered_display": "68"}, "missing_lines": [359, 377, 380, 383, 384, 385], "excluded_lines": [], "start_line": 347}, "PolarsBackend.generate_example_data": {"executed_lines": [399, 400, 401, 402, 403, 404, 405, 407, 408, 421], "summary": {"covered_lines": 10, "num_statements": 20, "percent_covered": 50.0, "percent_covered_display": "50", "missing_lines": 10, "excluded_lines": 0, "percent_statements_covered": 50.0, "percent_statements_covered_display": "50"}, "missing_lines": [406, 409, 410, 411, 412, 414, 415, 416, 418, 420], "excluded_lines": [], "start_line": 394}, "PolarsBackend.schema_info_to_dataframe": {"executed_lines": [428], "summary": {"covered_lines": 1, "num_statements": 1, "percent_covered": 100.0, "percent_covered_display": "100", "missing_lines": 0, "excluded_lines": 0, "percent_statements_covered": 100.0, "percent_statements_covered_display": "100"}, "missing_lines": [], "excluded_lines": [], "start_line": 427}, "PolarsBackend.collect": {"executed_lines": [435, 436, 437], "summary": {"covered_lines": 3, "num_statements": 3, "percent_covered": 100.0, "percent_covered_display": "100", "missing_lines": 0, "excluded_lines": 0, "percent_statements_covered": 100.0, "percent_statements_covered_display": "100"}, "missing_lines": [], "excluded_lines": [], "start_line": 434}, "": {"executed_lines": [3, 5, 6, 7, 9, 14, 16, 17, 19, 24, 32, 35, 42, 43, 50, 52, 53, 69, 74, 82, 86, 97, 102, 105, 110, 119, 123, 131, 137, 140, 148, 164, 170, 177, 184, 193, 201, 204, 207, 210, 225, 285, 303, 333, 347, 394, 427, 434], "summary": {"covered_lines": 48, "num_statements": 50, "percent_covered": 96.0, "percent_covered_display": "96", "missing_lines": 2, "excluded_lines": 0, "percent_statements_covered": 96.0, "percent_statements_covered_display": "96"}, "missing_lines": [20, 21], "excluded_lines": [], "start_line": 1}}, "classes": {"PolarsBackend": {"executed_lines": [36, 44, 55, 56, 70, 71, 72, 75, 76, 80, 84, 89, 90, 91, 92, 94, 95, 98, 100, 106, 107, 108, 111, 112, 113, 151, 152, 153, 154, 157, 166, 167, 168, 172, 173, 174, 175, 180, 181, 182, 185, 186, 187, 194, 195, 202, 205, 208, 230, 232, 234, 236, 237, 238, 239, 240, 242, 245, 246, 247, 248, 249, 250, 251, 252, 255, 256, 259, 260, 261, 262, 270, 271, 272, 274, 283, 291, 294, 296, 297, 298, 299, 305, 308, 309, 310, 313, 314, 315, 316, 319, 320, 321, 322, 325, 326, 327, 328, 355, 356, 358, 361, 362, 364, 365, 366, 367, 375, 378, 382, 388, 399, 400, 401, 402, 403, 404, 405, 407, 408, 421, 428, 435, 436, 437], "summary": {"covered_lines": 125, "num_statements": 170, "percent_covered": 73.52941176470588, "percent_covered_display": "74", "missing_lines": 45, "excluded_lines": 0, "percent_statements_covered": 73.52941176470588, "percent_statements_covered_display": "74"}, "missing_lines": [99, 103, 121, 125, 126, 128, 129, 133, 134, 135, 138, 142, 156, 158, 188, 189, 191, 212, 218, 219, 300, 301, 331, 335, 336, 337, 338, 339, 341, 359, 377, 380, 383, 384, 385, 406, 409, 410, 411, 412, 414, 415, 416, 418, 420], "excluded_lines": [], "start_line": 32}, "": {"executed_lines": [3, 5, 6, 7, 9, 14, 16, 17, 19, 24, 25, 32, 35, 42, 43, 50, 52, 53, 69, 74, 82, 86, 97, 102, 105, 110, 119, 123, 131, 137, 140, 148, 164, 170, 177, 184, 193, 201, 204, 207, 210, 225, 285, 303, 333, 347, 394, 427, 434], "summary": {"covered_lines": 49, "num_statements": 52, "percent_covered": 94.23076923076923, "percent_covered_display": "94", "missing_lines": 3, "excluded_lines": 0, "percent_statements_covered": 94.23076923076923, "percent_statements_covered_display": "94"}, "missing_lines": [20, 21, 26], "excluded_lines": [], "start_line": 1}}}, "src/structframe/backends/registry.py": {"executed_lines": [3, 5, 7, 10, 13, 19, 21, 22, 24, 25, 26, 28, 30, 33, 34, 35, 36, 37, 40, 55, 58, 59, 62, 63, 66, 70, 76, 88, 91, 102, 104], "summary": {"covered_lines": 31, "num_statements": 32, "percent_covered": 96.875, "percent_covered_display": "97", "missing_lines": 1, "excluded_lines": 0, "percent_statements_covered": 96.875, "percent_statements_covered_display": "97"}, "missing_lines": [68], "excluded_lines": [], "functions": {"_load_backend": {"executed_lines": [21, 22, 24, 25, 26, 28, 30, 33, 34, 35, 36, 37], "summary": {"covered_lines": 12, "num_statements": 12, "percent_covered": 100.0, "percent_covered_display": "100", "missing_lines": 0, "excluded_lines": 0, "percent_statements_covered": 100.0, "percent_statements_covered_display": "100"}, "missing_lines": [], "excluded_lines": [], "start_line": 19}, "detect_backend": {"executed_lines": [55, 58, 59, 62, 63, 66, 70], "summary": {"covered_lines": 7, "num_statements": 8, "percent_covered": 87.5, "percent_covered_display": "88", "missing_lines": 1, "excluded_lines": 0, "percent_statements_covered": 87.5, "percent_statements_covered_display": "88"}, "missing_lines": [68], "excluded_lines": [], "start_line": 40}, "get_backend": {"executed_lines": [88], "summary": {"covered_lines": 1, "num_statements": 1, "percent_covered": 100.0, "percent_covered_display": "100", "missing_lines": 0, "excluded_lines": 0, "percent_statements_covered": 100.0, "percent_statements_covered_display": "100"}, "missing_lines": [], "excluded_lines": [], "start_line": 76}, "register_backend": {"executed_lines": [102, 104], "summary": {"covered_lines": 2, "num_statements": 2, "percent_covered": 100.0, "percent_covered_display": "100", "missing_lines": 0, "excluded_lines": 0, "percent_statements_covered": 100.0, "percent_statements_covered_display": "100"}, "missing_lines": [], "excluded_lines": [], "start_line": 91}, "": {"executed_lines": [3, 5, 7, 10, 13, 19, 40, 76, 91], "summary": {"covered_lines": 9, "num_statements": 9, "percent_covered": 100.0, "percent_covered_display": "100", "missing_lines": 0, "excluded_lines": 0, "percent_statements_covered": 100.0, "percent_statements_covered_display": "100"}, "missing_lines": [], "excluded_lines": [], "start_line": 1}}, "classes": {"": {"executed_lines": [3, 5, 7, 10, 13, 19, 21, 22, 24, 25, 26, 28, 30, 33, 34, 35, 36, 37, 40, 55, 58, 59, 62, 63, 66, 70, 76, 88, 91, 102, 104], "summary": {"covered_lines": 31, "num_statements": 32, "percent_covered": 96.875, "percent_covered_display": "97", "missing_lines": 1, "excluded_lines": 0, "percent_statements_covered": 96.875, "percent_statements_covered_display": "97"}, "missing_lines": [68], "excluded_lines": [], "start_line": 1}}}, "src/structframe/core.py": {"executed_lines": [1, 2, 3, 16, 17, 18, 19, 21, 24, 42, 57, 58, 59, 60, 61, 62, 63, 64, 65, 66, 67, 68, 70, 71, 72, 86, 88, 89, 90, 91, 92, 93, 94, 97, 130, 146, 165, 166, 168, 187, 188, 190, 192, 194, 195, 197, 199, 200, 201, 206, 207, 208, 209, 210, 212, 213, 214, 217, 218, 219, 220, 221, 224, 225, 227, 230, 237, 238, 244, 251, 252, 253, 256, 257, 258, 259, 262, 263, 264, 265, 266, 267, 268, 269, 270, 273, 281, 282, 283, 284, 287, 288, 289, 291, 293, 294, 296, 298, 303, 305, 307, 309, 310, 311, 313, 314, 316, 318, 320, 322, 324, 325, 326, 328, 329, 333, 335, 341, 360, 364, 365, 367, 368, 370, 372, 373, 375, 377, 378, 380, 382, 391, 392, 398, 408, 409, 410, 411, 417, 418, 429, 430, 431, 432, 433, 434, 435, 436, 437, 439, 451, 452, 458, 459, 475, 476, 477, 479, 480, 496, 497, 498, 500, 501, 517, 518, 519, 525, 526, 546, 547, 549, 551, 552, 553, 554, 555, 556, 558, 562, 564, 565, 579, 580, 581, 587, 594, 596, 605, 611, 612, 614, 615, 616, 617, 618, 619, 627, 629, 631, 633, 634, 635, 637, 645, 646, 648], "summary": {"covered_lines": 207, "num_statements": 208, "percent_covered": 99.51923076923077, "percent_covered_display": "99", "missing_lines": 1, "excluded_lines": 0, "percent_statements_covered": 99.51923076923077, "percent_statements_covered_display": "99"}, "missing_lines": [557], "excluded_lines": [], "functions": {"FieldInfo.__init__": {"executed_lines": [57, 58, 59, 60, 61, 62, 63, 64, 65, 66, 67, 68], "summary": {"covered_lines": 12, "num_statements": 12, "percent_covered": 100.0, "percent_covered_display": "100", "missing_lines": 0, "excluded_lines": 0, "percent_statements_covered": 100.0, "percent_statements_covered_display": "100"}, "missing_lines": [], "excluded_lines": [], "start_line": 42}, "FieldInfo.__repr__": {"executed_lines": [71, 72, 86, 88, 89, 90, 91, 92, 93, 94], "summary": {"covered_lines": 10, "num_statements": 10, "percent_covered": 100.0, "percent_covered_display": "100", "missing_lines": 0, "excluded_lines": 0, "percent_statements_covered": 100.0, "percent_statements_covered_display": "100"}, "missing_lines": [], "excluded_lines": [], "start_line": 70}, "Field": {"executed_lines": [130], "summary": {"covered_lines": 1, "num_statements": 1, "percent_covered": 100.0, "percent_covered_display": "100", "missing_lines": 0, "excluded_lines": 0, "percent_statements_covered": 100.0, "percent_statements_covered_display": "100"}, "missing_lines": [], "excluded_lines": [], "start_line": 97}, "StructFrame.__init__": {"executed_lines": [187, 188, 190, 192, 194, 195], "summary": {"covered_lines": 6, "num_statements": 6, "percent_covered": 100.0, "percent_covered_display": "100", "missing_lines": 0, "excluded_lines": 0, "percent_statements_covered": 100.0, "percent_statements_covered_display": "100"}, "missing_lines": [], "excluded_lines": [], "start_line": 168}, "StructFrame.__init_subclass__": {"executed_lines": [199, 200, 201, 206, 207, 208, 209, 210, 212, 213, 214, 217, 218, 219, 220, 221, 224, 225, 227, 230, 237, 238, 244, 251, 252, 253, 256, 257, 258, 259, 262, 263, 264, 265, 266, 267, 268, 269, 270, 273, 281, 298, 303, 305, 307, 309, 318, 320, 322, 324, 325, 326, 328, 329, 333, 335], "summary": {"covered_lines": 56, "num_statements": 56, "percent_covered": 100.0, "percent_covered_display": "100", "missing_lines": 0, "excluded_lines": 0, "percent_statements_covered": 100.0, "percent_statements_covered_display": "100"}, "missing_lines": [], "excluded_lines": [], "start_line": 197}, "StructFrame.__init_subclass__.make_property": {"executed_lines": [282, 293, 296], "summary": {"covered_lines": 3, "num_statements": 3, "percent_covered": 100.0, "percent_covered_display": "100", "missing_lines": 0, "excluded_lines": 0, "percent_statements_covered": 100.0, "percent_statements_covered_display": "100"}, "missing_lines": [], "excluded_lines": [], "start_line": 281}, "StructFrame.__init_subclass__.make_property.getter": {"executed_lines": [283, 284, 287, 288, 289, 291], "summary": {"covered_lines": 6, "num_statements": 6, "percent_covered": 100.0, "percent_covered_display": "100", "missing_lines": 0, "excluded_lines": 0, "percent_statements_covered": 100.0, "percent_statements_covered_display": "100"}, "missing_lines": [], "excluded_lines": [], "start_line": 282}, "StructFrame.__init_subclass__.make_property.setter": {"executed_lines": [294], "summary": {"covered_lines": 1, "num_statements": 1, "percent_covered": 100.0, "percent_covered_display": "100", "missing_lines": 0, "excluded_lines": 0, "percent_statements_covered": 100.0, "percent_statements_covered_display": "100"}, "missing_lines": [], "excluded_lines": [], "start_line": 293}, "StructFrame.__init_subclass__.make_single_index_property": {"executed_lines": [310, 313, 316], "summary": {"covered_lines": 3, "num_statements": 3, "percent_covered": 100.0, "percent_covered_display": "100", "missing_lines": 0, "excluded_lines": 0, "percent_statements_covered": 100.0, "percent_statements_covered_display": "100"}, "missing_lines": [], "excluded_lines": [], "start_line": 309}, "StructFrame.__init_subclass__.make_single_index_property.getter": {"executed_lines": [311], "summary": {"covered_lines": 1, "num_statements": 1, "percent_covered": 100.0, "percent_covered_display": "100", "missing_lines": 0, "excluded_lines": 0, "percent_statements_covered": 100.0, "percent_statements_covered_display": "100"}, "missing_lines": [], "excluded_lines": [], "start_line": 310}, "StructFrame.__init_subclass__.make_single_index_property.setter": {"executed_lines": [314], "summary": {"covered_lines": 1, "num_statements": 1, "percent_covered": 100.0, "percent_covered_display": "100", "missing_lines": 0, "excluded_lines": 0, "percent_statements_covered": 100.0, "percent_statements_covered_display": "100"}, "missing_lines": [], "excluded_lines": [], "start_line": 313}, "StructFrame.sf_validate": {"executed_lines": [360, 364, 365], "summary": {"covered_lines": 3, "num_statements": 3, "percent_covered": 100.0, "percent_covered_display": "100", "missing_lines": 0, "excluded_lines": 0, "percent_statements_covered": 100.0, "percent_statements_covered_display": "100"}, "missing_lines": [], "excluded_lines": [], "start_line": 341}, "StructFrame.sf_data": {"executed_lines": [370], "summary": {"covered_lines": 1, "num_statements": 1, "percent_covered": 100.0, "percent_covered_display": "100", "missing_lines": 0, "excluded_lines": 0, "percent_statements_covered": 100.0, "percent_statements_covered_display": "100"}, "missing_lines": [], "excluded_lines": [], "start_line": 368}, "StructFrame.sf_index": {"executed_lines": [375], "summary": {"covered_lines": 1, "num_statements": 1, "percent_covered": 100.0, "percent_covered_display": "100", "missing_lines": 0, "excluded_lines": 0, "percent_statements_covered": 100.0, "percent_statements_covered_display": "100"}, "missing_lines": [], "excluded_lines": [], "start_line": 373}, "StructFrame.sf_backend": {"executed_lines": [380], "summary": {"covered_lines": 1, "num_statements": 1, "percent_covered": 100.0, "percent_covered_display": "100", "missing_lines": 0, "excluded_lines": 0, "percent_statements_covered": 100.0, "percent_statements_covered_display": "100"}, "missing_lines": [], "excluded_lines": [], "start_line": 378}, "StructFrame.sf_filter": {"executed_lines": [391, 392], "summary": {"covered_lines": 2, "num_statements": 2, "percent_covered": 100.0, "percent_covered_display": "100", "missing_lines": 0, "excluded_lines": 0, "percent_statements_covered": 100.0, "percent_statements_covered_display": "100"}, "missing_lines": [], "excluded_lines": [], "start_line": 382}, "StructFrame.sf_collect": {"executed_lines": [408, 409, 410, 411], "summary": {"covered_lines": 4, "num_statements": 4, "percent_covered": 100.0, "percent_covered_display": "100", "missing_lines": 0, "excluded_lines": 0, "percent_statements_covered": 100.0, "percent_statements_covered_display": "100"}, "missing_lines": [], "excluded_lines": [], "start_line": 398}, "StructFrame.sf_schema_info": {"executed_lines": [429, 430, 431, 432, 433, 434, 435, 436, 437, 439, 451, 452], "summary": {"covered_lines": 12, "num_statements": 12, "percent_covered": 100.0, "percent_covered_display": "100", "missing_lines": 0, "excluded_lines": 0, "percent_statements_covered": 100.0, "percent_statements_covered_display": "100"}, "missing_lines": [], "excluded_lines": [], "start_line": 418}, "StructFrame.sf_from_csv": {"executed_lines": [475, 476, 477], "summary": {"covered_lines": 3, "num_statements": 3, "percent_covered": 100.0, "percent_covered_display": "100", "missing_lines": 0, "excluded_lines": 0, "percent_statements_covered": 100.0, "percent_statements_covered_display": "100"}, "missing_lines": [], "excluded_lines": [], "start_line": 459}, "StructFrame.sf_from_dict": {"executed_lines": [496, 497, 498], "summary": {"covered_lines": 3, "num_statements": 3, "percent_covered": 100.0, "percent_covered_display": "100", "missing_lines": 0, "excluded_lines": 0, "percent_statements_covered": 100.0, "percent_statements_covered_display": "100"}, "missing_lines": [], "excluded_lines": [], "start_line": 480}, "StructFrame.sf_from_records": {"executed_lines": [517, 518, 519], "summary": {"covered_lines": 3, "num_statements": 3, "percent_covered": 100.0, "percent_covered_display": "100", "missing_lines": 0, "excluded_lines": 0, "percent_statements_covered": 100.0, "percent_statements_covered_display": "100"}, "missing_lines": [], "excluded_lines": [], "start_line": 501}, "StructFrame.sf_coerce": {"executed_lines": [546, 547, 549, 551, 552, 553, 554, 555, 556, 558, 562], "summary": {"covered_lines": 11, "num_statements": 12, "percent_covered": 91.66666666666667, "percent_covered_display": "92", "missing_lines": 1, "excluded_lines": 0, "percent_statements_covered": 91.66666666666667, "percent_statements_covered_display": "92"}, "missing_lines": [557], "excluded_lines": [], "start_line": 526}, "StructFrame.sf_example": {"executed_lines": [579, 580, 581], "summary": {"covered_lines": 3, "num_statements": 3, "percent_covered": 100.0, "percent_covered_display": "100", "missing_lines": 0, "excluded_lines": 0, "percent_statements_covered": 100.0, "percent_statements_covered_display": "100"}, "missing_lines": [], "excluded_lines": [], "start_line": 565}, "StructFrame.sf_to_csv": {"executed_lines": [594], "summary": {"covered_lines": 1, "num_statements": 1, "percent_covered": 100.0, "percent_covered_display": "100", "missing_lines": 0, "excluded_lines": 0, "percent_statements_covered": 100.0, "percent_statements_covered_display": "100"}, "missing_lines": [], "excluded_lines": [], "start_line": 587}, "StructFrame.sf_to_dict": {"executed_lines": [605], "summary": {"covered_lines": 1, "num_statements": 1, "percent_covered": 100.0, "percent_covered_display": "100", "missing_lines": 0, "excluded_lines": 0, "percent_statements_covered": 100.0, "percent_statements_covered_display": "100"}, "missing_lines": [], "excluded_lines": [], "start_line": 596}, "StructFrame.__len__": {"executed_lines": [612], "summary": {"covered_lines": 1, "num_statements": 1, "percent_covered": 100.0, "percent_covered_display": "100", "missing_lines": 0, "excluded_lines": 0, "percent_statements_covered": 100.0, "percent_statements_covered_display": "100"}, "missing_lines": [], "excluded_lines": [], "start_line": 611}, "StructFrame.__repr__": {"executed_lines": [615, 616, 617, 618, 619], "summary": {"covered_lines": 5, "num_statements": 5, "percent_covered": 100.0, "percent_covered_display": "100", "missing_lines": 0, "excluded_lines": 0, "percent_statements_covered": 100.0, "percent_statements_covered_display": "100"}, "missing_lines": [], "excluded_lines": [], "start_line": 614}, "StructFrame.__iter__": {"executed_lines": [629], "summary": {"covered_lines": 1, "num_statements": 1, "percent_covered": 100.0, "percent_covered_display": "100", "missing_lines": 0, "excluded_lines": 0, "percent_statements_covered": 100.0, "percent_statements_covered_display": "100"}, "missing_lines": [], "excluded_lines": [], "start_line": 627}, "StructFrame.__eq__": {"executed_lines": [633, 634, 635], "summary": {"covered_lines": 3, "num_statements": 3, "percent_covered": 100.0, "percent_covered_display": "100", "missing_lines": 0, "excluded_lines": 0, "percent_statements_covered": 100.0, "percent_statements_covered_display": "100"}, "missing_lines": [], "excluded_lines": [], "start_line": 631}, "StructFrame.__contains__": {"executed_lines": [645, 646, 648], "summary": {"covered_lines": 3, "num_statements": 3, "percent_covered": 100.0, "percent_covered_display": "100", "missing_lines": 0, "excluded_lines": 0, "percent_statements_covered": 100.0, "percent_statements_covered_display": "100"}, "missing_lines": [], "excluded_lines": [], "start_line": 637}, "": {"executed_lines": [1, 2, 3, 16, 17, 18, 19, 21, 24, 42, 70, 97, 146, 165, 166, 168, 197, 341, 367, 368, 372, 373, 377, 378, 382, 398, 417, 418, 458, 459, 479, 480, 500, 501, 525, 526, 564, 565, 587, 596, 611, 614, 627, 631, 637], "summary": {"covered_lines": 45, "num_statements": 45, "percent_covered": 100.0, "percent_covered_display": "100", "missing_lines": 0, "excluded_lines": 0, "percent_statements_covered": 100.0, "percent_statements_covered_display": "100"}, "missing_lines": [], "excluded_lines": [], "start_line": 1}}, "classes": {"FieldInfo": {"executed_lines": [57, 58, 59, 60, 61, 62, 63, 64, 65, 66, 67, 68, 71, 72, 86, 88, 89, 90, 91, 92, 93, 94], "summary": {"covered_lines": 22, "num_statements": 22, "percent_covered": 100.0, "percent_covered_display": "100", "missing_lines": 0, "excluded_lines": 0, "percent_statements_covered": 100.0, "percent_statements_covered_display": "100"}, "missing_lines": [], "excluded_lines": [], "start_line": 24}, "StructFrame": {"executed_lines": [187, 188, 190, 192, 194, 195, 199, 200, 201, 206, 207, 208, 209, 210, 212, 213, 214, 217, 218, 219, 220, 221, 224, 225, 227, 230, 237, 238, 244, 251, 252, 253, 256, 257, 258, 259, 262, 263, 264, 265, 266, 267, 268, 269, 270, 273, 281, 282, 283, 284, 287, 288, 289, 291, 293, 294, 296, 298, 303, 305, 307, 309, 310, 311, 313, 314, 316, 318, 320, 322, 324, 325, 326, 328, 329, 333, 335, 360, 364, 365, 370, 375, 380, 391, 392, 408, 409, 410, 411, 429, 430, 431, 432, 433, 434, 435, 436, 437, 439, 451, 452, 475, 476, 477, 496, 497, 498, 517, 518, 519, 546, 547, 549, 551, 552, 553, 554, 555, 556, 558, 562, 579, 580, 581, 594, 605, 612, 615, 616, 617, 618, 619, 629, 633, 634, 635, 645, 646, 648], "summary": {"covered_lines": 139, "num_statements": 140, "percent_covered": 99.28571428571429, "percent_covered_display": "99", "missing_lines": 1, "excluded_lines": 0, "percent_statements_covered": 99.28571428571429, "percent_statements_covered_display": "99"}, "missing_lines": [557], "excluded_lines": [], "start_line": 146}, "": {"executed_lines": [1, 2, 3, 16, 17, 18, 19, 21, 24, 42, 70, 97, 130, 146, 165, 166, 168, 197, 341, 367, 368, 372, 373, 377, 378, 382, 398, 417, 418, 458, 459, 479, 480, 500, 501, 525, 526, 564, 565, 587, 596, 611, 614, 627, 631, 637], "summary": {"covered_lines": 46, "num_statements": 46, "percent_covered": 100.0, "percent_covered_display": "100", "missing_lines": 0, "excluded_lines": 0, "percent_statements_covered": 100.0, "percent_statements_covered_display": "100"}, "missing_lines": [], "excluded_lines": [], "start_line": 1}}}, "src/structframe/exceptions.py": {"executed_lines": [4, 7, 10, 13, 16, 19, 22, 25, 28, 31, 34, 37], "summary": {"covered_lines": 12, "num_statements": 12, "percent_covered": 100.0, "percent_covered_display": "100", "missing_lines": 0, "excluded_lines": 0, "percent_statements_covered": 100.0, "percent_statements_covered_display": "100"}, "missing_lines": [], "excluded_lines": [], "functions": {"": {"executed_lines": [4, 7, 10, 13, 16, 19, 22, 25, 28, 31, 34, 37], "summary": {"covered_lines": 12, "num_statements": 12, "percent_covered": 100.0, "percent_covered_display": "100", "missing_lines": 0, "excluded_lines": 0, "percent_statements_covered": 100.0, "percent_statements_covered_display": "100"}, "missing_lines": [], "excluded_lines": [], "start_line": 1}}, "classes": {"StructFrameError": {"executed_lines": [], "summary": {"covered_lines": 0, "num_statements": 0, "percent_covered": 100.0, "percent_covered_display": "100", "missing_lines": 0, "excluded_lines": 0, "percent_statements_covered": 100.0, "percent_statements_covered_display": "100"}, "missing_lines": [], "excluded_lines": [], "start_line": 4}, "SchemaError": {"executed_lines": [], "summary": {"covered_lines": 0, "num_statements": 0, "percent_covered": 100.0, "percent_covered_display": "100", "missing_lines": 0, "excluded_lines": 0, "percent_statements_covered": 100.0, "percent_statements_covered_display": "100"}, "missing_lines": [], "excluded_lines": [], "start_line": 10}, "ValidationError": {"executed_lines": [], "summary": {"covered_lines": 0, "num_statements": 0, "percent_covered": 100.0, "percent_covered_display": "100", "missing_lines": 0, "excluded_lines": 0, "percent_statements_covered": 100.0, "percent_statements_covered_display": "100"}, "missing_lines": [], "excluded_lines": [], "start_line": 16}, "TypeMismatchError": {"executed_lines": [], "summary": {"covered_lines": 0, "num_statements": 0, "percent_covered": 100.0, "percent_covered_display": "100", "missing_lines": 0, "excluded_lines": 0, "percent_statements_covered": 100.0, "percent_statements_covered_display": "100"}, "missing_lines": [], "excluded_lines": [], "start_line": 22}, "ConstraintViolationError": {"executed_lines": [], "summary": {"covered_lines": 0, "num_statements": 0, "percent_covered": 100.0, "percent_covered_display": "100", "missing_lines": 0, "excluded_lines": 0, "percent_statements_covered": 100.0, "percent_statements_covered_display": "100"}, "missing_lines": [], "excluded_lines": [], "start_line": 28}, "MissingColumnError": {"executed_lines": [], "summary": {"covered_lines": 0, "num_statements": 0, "percent_covered": 100.0, "percent_covered_display": "100", "missing_lines": 0, "excluded_lines": 0, "percent_statements_covered": 100.0, "percent_statements_covered_display": "100"}, "missing_lines": [], "excluded_lines": [], "start_line": 34}, "": {"executed_lines": [4, 7, 10, 13, 16, 19, 22, 25, 28, 31, 34, 37], "summary": {"covered_lines": 12, "num_statements": 12, "percent_covered": 100.0, "percent_covered_display": "100", "missing_lines": 0, "excluded_lines": 0, "percent_statements_covered": 100.0, "percent_statements_covered_display": "100"}, "missing_lines": [], "excluded_lines": [], "start_line": 1}}}, "src/structframe/typing/__init__.py": {"executed_lines": [9, 10, 11, 13, 14, 18, 30, 33, 35, 38, 41], "summary": {"covered_lines": 11, "num_statements": 12, "percent_covered": 91.66666666666667, "percent_covered_display": "92", "missing_lines": 1, "excluded_lines": 3, "percent_statements_covered": 91.66666666666667, "percent_statements_covered_display": "92"}, "missing_lines": [16], "excluded_lines": [20, 26, 27], "functions": {"": {"executed_lines": [9, 10, 11, 13, 14, 18, 30, 33, 35, 38, 41], "summary": {"covered_lines": 11, "num_statements": 12, "percent_covered": 91.66666666666667, "percent_covered_display": "92", "missing_lines": 1, "excluded_lines": 3, "percent_statements_covered": 91.66666666666667, "percent_statements_covered_display": "92"}, "missing_lines": [16], "excluded_lines": [20, 26, 27], "start_line": 1}}, "classes": {"": {"executed_lines": [9, 10, 11, 13, 14, 18, 30, 33, 35, 38, 41], "summary": {"covered_lines": 11, "num_statements": 12, "percent_covered": 91.66666666666667, "percent_covered_display": "92", "missing_lines": 1, "excluded_lines": 3, "percent_statements_covered": 91.66666666666667, "percent_statements_covered_display": "92"}, "missing_lines": [16], "excluded_lines": [20, 26, 27], "start_line": 1}}}, "src/structframe/typing/pandas.py": {"executed_lines": [], "summary": {"covered_lines": 0, "num_statements": 10, "percent_covered": 0.0, "percent_covered_display": "0", "missing_lines": 10, "excluded_lines": 3, "percent_statements_covered": 0.0, "percent_statements_covered_display": "0"}, "missing_lines": [13, 14, 16, 17, 19, 21, 23, 29, 30, 33], "excluded_lines": [25, 26, 27], "functions": {"": {"executed_lines": [], "summary": {"covered_lines": 0, "num_statements": 10, "percent_covered": 0.0, "percent_covered_display": "0", "missing_lines": 10, "excluded_lines": 3, "percent_statements_covered": 0.0, "percent_statements_covered_display": "0"}, "missing_lines": [13, 14, 16, 17, 19, 21, 23, 29, 30, 33], "excluded_lines": [25, 26, 27], "start_line": 1}}, "classes": {"": {"executed_lines": [], "summary": {"covered_lines": 0, "num_statements": 10, "percent_covered": 0.0, "percent_covered_display": "0", "missing_lines": 10, "excluded_lines": 3, "percent_statements_covered": 0.0, "percent_statements_covered_display": "0"}, "missing_lines": [13, 14, 16, 17, 19, 21, 23, 29, 30, 33], "excluded_lines": [25, 26, 27], "start_line": 1}}}, "src/structframe/typing/polars.py": {"executed_lines": [], "summary": {"covered_lines": 0, "num_statements": 6, "percent_covered": 0.0, "percent_covered_display": "0", "missing_lines": 6, "excluded_lines": 12, "percent_statements_covered": 0.0, "percent_statements_covered_display": "0"}, "missing_lines": [19, 21, 23, 39, 40, 43], "excluded_lines": [25, 26, 28, 29, 30, 31, 32, 33, 34, 35, 36, 37], "functions": {"": {"executed_lines": [], "summary": {"covered_lines": 0, "num_statements": 6, "percent_covered": 0.0, "percent_covered_display": "0", "missing_lines": 6, "excluded_lines": 12, "percent_statements_covered": 0.0, "percent_statements_covered_display": "0"}, "missing_lines": [19, 21, 23, 39, 40, 43], "excluded_lines": [25, 26, 28, 29, 30, 31, 32, 33, 34, 35, 36, 37], "start_line": 1}}, "classes": {"Col": {"executed_lines": [], "summary": {"covered_lines": 0, "num_statements": 0, "percent_covered": 100.0, "percent_covered_display": "100", "missing_lines": 0, "excluded_lines": 0, "percent_statements_covered": 100.0, "percent_statements_covered_display": "100"}, "missing_lines": [], "excluded_lines": [], "start_line": 28}, "Index": {"executed_lines": [], "summary": {"covered_lines": 0, "num_statements": 0, "percent_covered": 100.0, "percent_covered_display": "100", "missing_lines": 0, "excluded_lines": 0, "percent_statements_covered": 100.0, "percent_statements_covered_display": "100"}, "missing_lines": [], "excluded_lines": [], "start_line": 33}, "": {"executed_lines": [], "summary": {"covered_lines": 0, "num_statements": 6, "percent_covered": 0.0, "percent_covered_display": "0", "missing_lines": 6, "excluded_lines": 12, "percent_statements_covered": 0.0, "percent_statements_covered_display": "0"}, "missing_lines": [19, 21, 23, 39, 40, 43], "excluded_lines": [25, 26, 28, 29, 30, 31, 32, 33, 34, 35, 36, 37], "start_line": 1}}}}, "totals": {"covered_lines": 680, "num_statements": 763, "percent_covered": 89.1218872870249, "percent_covered_display": "89", "missing_lines": 83, "excluded_lines": 88, "percent_statements_covered": 89.1218872870249, "percent_statements_covered_display": "89"}}